<?xml version="1.0" encoding="UTF-8"?>
<!-- Generated by org.testng.reporters.JUnitXMLReporter -->
<testsuite hostname="Dhruba" ignored="0" name="Default test" tests="4" failures="0" timestamp="24 Jan 2019 22:42:08 GMT" time="12.665" errors="0">
  <testcase name="checkboxisSelected" time="1.844" classname="dbtestpackage.DBConnectionSalesForceLoginTest"/>
  <testcase name="checklogoisDisplayed" time="1.374" classname="dbtestpackage.DBConnectionSalesForceLoginTest"/>
  <testcase name="checklogoisEnabled" time="0.631" classname="dbtestpackage.DBConnectionSalesForceLoginTest"/>
  <testcase name="salesForceLogin" time="2.06" classname="dbtestpackage.DBConnectionSalesForceLoginTest"/>
</testsuite> <!-- Default test -->
