<?xml version="1.0" encoding="UTF-8"?>
<!-- Generated by org.testng.reporters.JUnitXMLReporter -->
<testsuite hostname="Dhruba" ignored="0" name="PageObject Test" tests="4" failures="0" timestamp="22 Jan 2019 17:15:43 GMT" time="48.67" errors="0">
  <testcase name="basepageNavigation" time="0.075" classname="com.E2EProject.ValidateNavigationBar"/>
  <testcase name="basepageNavigation" time="0.098" classname="com.E2EProject.ValidateTitle"/>
  <testcase name="basepageNavigation" time="11.689" classname="com.E2EProject.HomePageTest"/>
  <testcase name="basepageNavigation" time="5.839" classname="com.E2EProject.HomePageTest"/>
</testsuite> <!-- PageObject Test -->
