<?xml version="1.0" encoding="UTF-8"?>
<!-- Generated by org.testng.reporters.JUnitXMLReporter -->
<testsuite hostname="Dhruba" ignored="0" name="Registratin page test" tests="2" failures="0" timestamp="23 Jan 2019 17:48:00 GMT" time="19.328" errors="0">
  <testcase name="getRegister" time="12.011" classname="com.E2EProject.RegistrationPageTest"/>
  <testcase name="validateSignUpButtonDisplayed" time="3.576" classname="com.E2EProject.RegistrationPageTest"/>
</testsuite> <!-- Registratin page test -->
