<?xml version="1.0" encoding="UTF-8"?>
<!-- Generated by org.testng.reporters.JUnitXMLReporter -->
<testsuite hostname="Dhruba" ignored="0" name="Registratin page test" tests="2" failures="0" timestamp="23 Jan 2019 00:47:17 GMT" time="20.898" errors="0">
  <testcase name="getRegister" time="12.687" classname="com.E2EProject.RegistrationPageTest"/>
  <testcase name="validateSignUpButtonDisplayed" time="4.314" classname="com.E2EProject.RegistrationPageTest"/>
</testsuite> <!-- Registratin page test -->
