<?xml version="1.0" encoding="UTF-8"?>
<!-- Generated by org.testng.reporters.JUnitXMLReporter -->
<testsuite hostname="Dhruba" ignored="0" name="Salesforce Database Test" tests="4" failures="0" timestamp="26 Jan 2019 16:52:52 GMT" time="13.952" errors="0">
  <testcase name="checkboxisSelected" time="2.344" classname="dbtestpackage.DBConnectionSalesForceLoginTest"/>
  <testcase name="checklogoisDisplayed" time="1.48" classname="dbtestpackage.DBConnectionSalesForceLoginTest"/>
  <testcase name="checklogoisEnabled" time="0.952" classname="dbtestpackage.DBConnectionSalesForceLoginTest"/>
  <testcase name="salesForceLogin" time="2.85" classname="dbtestpackage.DBConnectionSalesForceLoginTest"/>
</testsuite> <!-- Salesforce Database Test -->
