<?xml version="1.0" encoding="UTF-8"?>
<!-- Generated by org.testng.reporters.JUnitXMLReporter -->
<testsuite hostname="Dhruba" ignored="0" name="Validating Title of the Page" tests="1" failures="1" timestamp="22 Jan 2019 18:46:10 GMT" time="13.461" errors="0">
  <testcase name="validateAppTitle" time="0.104" classname="com.E2EProject.ValidateTitle">
    <failure type="java.lang.AssertionError" message="expected [FEATURED COURSES1] but found [FEATURED COURSES]">
      <![CDATA[java.lang.AssertionError: expected [FEATURED COURSES1] but found [FEATURED COURSES]
at com.E2EProject.ValidateTitle.validateAppTitle(ValidateTitle.java:38)
... Removed 31 stack frames]]>
    </failure>
  </testcase> <!-- validateAppTitle -->
</testsuite> <!-- Validating Title of the Page -->
